<?xml version="1.0" encoding="UTF-8"?>
<!-- Generated by org.testng.reporters.JUnitReportReporter -->
<testsuite hostname="DESKTOP-SKK7NRE" failures="0" tests="1" name="seleniumBascis.MyTestproject" time="9.138" errors="0" timestamp="2024-10-21T21:08:01 GMT+03:00" skipped="0">
  <testcase classname="seleniumBascis.MyTestproject" name="SignUp" time="9.138"/>
  <system-out/>
</testsuite> <!-- seleniumBascis.MyTestproject -->
